<?xml version="1.0" encoding="UTF-8" ?>
<testsuites>
<testsuite name="justify" errors="0" tests="0" failures="0" time="0" timestamp="2019-07-24T18:23:47">
</testsuite>
</testsuites>