<?xml version="1.0" encoding="UTF-8" ?>
<testsuites>
<testsuite name="Rot13" errors="0" tests="1" failures="1" time="0.004" timestamp="2019-06-26T18:29:40">
  <testcase classname="Rot13" name="returns &amp;quot;n&amp;quot; when passed &amp;quot;a&amp;quot;" time="0.003"><failure type="expect" message="Expected {  } to equal &amp;apos;n&amp;apos;.">Error: Expected {  } to equal &amp;apos;n&amp;apos;.
    at new jasmine.ExpectationResult (/Users/williammuxworthy/Projects/codewars/js/rot13/node_modules/jasmine-node/lib/jasmine-node/jasmine-1.3.1.js:114:32)
    at matchersClass.toEqual (/Users/williammuxworthy/Projects/codewars/js/rot13/node_modules/jasmine-node/lib/jasmine-node/jasmine-1.3.1.js:1316:29)
    at jasmine.Spec.&amp;lt;anonymous&amp;gt; (/Users/williammuxworthy/Projects/codewars/js/rot13/spec/rot13Spec.js:11:19)
    at jasmine.Block.execute (/Users/williammuxworthy/Projects/codewars/js/rot13/node_modules/jasmine-node/lib/jasmine-node/jasmine-1.3.1.js:1145:17)
    at jasmine.Queue.next_ (/Users/williammuxworthy/Projects/codewars/js/rot13/node_modules/jasmine-node/lib/jasmine-node/jasmine-1.3.1.js:2177:31)
    at jasmine.Queue.start (/Users/williammuxworthy/Projects/codewars/js/rot13/node_modules/jasmine-node/lib/jasmine-node/jasmine-1.3.1.js:2130:8)
    at jasmine.Spec.execute (/Users/williammuxworthy/Projects/codewars/js/rot13/node_modules/jasmine-node/lib/jasmine-node/jasmine-1.3.1.js:2458:14)
    at jasmine.Queue.next_ (/Users/williammuxworthy/Projects/codewars/js/rot13/node_modules/jasmine-node/lib/jasmine-node/jasmine-1.3.1.js:2177:31)
    at jasmine.Queue.start (/Users/williammuxworthy/Projects/codewars/js/rot13/node_modules/jasmine-node/lib/jasmine-node/jasmine-1.3.1.js:2130:8)
    at jasmine.Suite.execute (/Users/williammuxworthy/Projects/codewars/js/rot13/node_modules/jasmine-node/lib/jasmine-node/jasmine-1.3.1.js:2604:14)</failure></testcase>
</testsuite>
</testsuites>