<?xml version="1.0" encoding="UTF-8" ?>
<testsuites>
<testsuite name="Rot13" errors="0" tests="1" failures="1" time="0.003" timestamp="2019-07-24T18:20:46">
  <testcase classname="Rot13" name="encountered a declaration exception" time="0.002"><failure type="expect" message="ReferenceError: Rot13 is not defined">ReferenceError: Rot13 is not defined
    at Object.&amp;lt;anonymous&amp;gt; (/Users/williammuxworthy/Projects/codewars/js/rot13/src/rot13.js:20:18)
    at Module._compile (internal/modules/cjs/loader.js:774:30)
    at Object.Module._extensions..js (internal/modules/cjs/loader.js:785:10)
    at Module.load (internal/modules/cjs/loader.js:641:32)
    at Function.Module._load (internal/modules/cjs/loader.js:556:12)
    at Module.require (internal/modules/cjs/loader.js:681:19)
    at require (internal/modules/cjs/helpers.js:16:16)
    at jasmine.Suite.&amp;lt;anonymous&amp;gt; (/Users/williammuxworthy/Projects/codewars/js/rot13/spec/rot13Spec.js:4:15)
    at jasmine.Env.describe_ (/Users/williammuxworthy/Projects/codewars/js/rot13/node_modules/jasmine-node/lib/jasmine-node/jasmine-1.3.1.js:884:21)
    at jasmine.Env.describe (/Users/williammuxworthy/Projects/codewars/js/rot13/node_modules/jasmine-node/lib/jasmine-node/jasmine-1.3.1.js:869:15)</failure></testcase>
</testsuite>
</testsuites>